<?xml version="1.0" encoding="UTF-8"?>
<testsuite xmlns:xsi="http://www.w3.org/2001/XMLSchema-instance" xsi:noNamespaceSchemaLocation="https://maven.apache.org/surefire/maven-surefire-plugin/xsd/surefire-test-report.xsd" name="com.example.demo.DemoApplicationTests" time="4.672" tests="1" errors="0" skipped="0" failures="0">
  <properties>
    <property name="sun.desktop" value="windows"/>
    <property name="awt.toolkit" value="sun.awt.windows.WToolkit"/>
    <property name="java.specification.version" value="11"/>
    <property name="sun.cpu.isalist" value="amd64"/>
    <property name="sun.jnu.encoding" value="Cp1252"/>
    <property name="java.class.path" value="C:\Sample Code\demo\target\test-classes;C:\Sample Code\demo\target\classes;C:\ABankCode\2SrMoe\repository-burma-ssn\org\springframework\boot\spring-boot-starter-data-jpa\2.7.15\spring-boot-starter-data-jpa-2.7.15.jar;C:\ABankCode\2SrMoe\repository-burma-ssn\org\springframework\boot\spring-boot-starter-aop\2.7.15\spring-boot-starter-aop-2.7.15.jar;C:\ABankCode\2SrMoe\repository-burma-ssn\org\springframework\spring-aop\5.3.29\spring-aop-5.3.29.jar;C:\ABankCode\2SrMoe\repository-burma-ssn\org\aspectj\aspectjweaver\1.9.7\aspectjweaver-1.9.7.jar;C:\ABankCode\2SrMoe\repository-burma-ssn\org\springframework\boot\spring-boot-starter-jdbc\2.7.15\spring-boot-starter-jdbc-2.7.15.jar;C:\ABankCode\2SrMoe\repository-burma-ssn\com\zaxxer\HikariCP\4.0.3\HikariCP-4.0.3.jar;C:\ABankCode\2SrMoe\repository-burma-ssn\org\springframework\spring-jdbc\5.3.29\spring-jdbc-5.3.29.jar;C:\ABankCode\2SrMoe\repository-burma-ssn\jakarta\transaction\jakarta.transaction-api\1.3.3\jakarta.transaction-api-1.3.3.jar;C:\ABankCode\2SrMoe\repository-burma-ssn\jakarta\persistence\jakarta.persistence-api\2.2.3\jakarta.persistence-api-2.2.3.jar;C:\ABankCode\2SrMoe\repository-burma-ssn\org\hibernate\hibernate-core\5.6.15.Final\hibernate-core-5.6.15.Final.jar;C:\ABankCode\2SrMoe\repository-burma-ssn\org\jboss\logging\jboss-logging\3.4.3.Final\jboss-logging-3.4.3.Final.jar;C:\ABankCode\2SrMoe\repository-burma-ssn\net\bytebuddy\byte-buddy\1.12.23\byte-buddy-1.12.23.jar;C:\ABankCode\2SrMoe\repository-burma-ssn\antlr\antlr\2.7.7\antlr-2.7.7.jar;C:\ABankCode\2SrMoe\repository-burma-ssn\org\jboss\jandex\2.4.2.Final\jandex-2.4.2.Final.jar;C:\ABankCode\2SrMoe\repository-burma-ssn\com\fasterxml\classmate\1.5.1\classmate-1.5.1.jar;C:\ABankCode\2SrMoe\repository-burma-ssn\org\hibernate\common\hibernate-commons-annotations\5.1.2.Final\hibernate-commons-annotations-5.1.2.Final.jar;C:\ABankCode\2SrMoe\repository-burma-ssn\org\glassfish\jaxb\jaxb-runtime\2.3.8\jaxb-runtime-2.3.8.jar;C:\ABankCode\2SrMoe\repository-burma-ssn\org\glassfish\jaxb\txw2\2.3.8\txw2-2.3.8.jar;C:\ABankCode\2SrMoe\repository-burma-ssn\com\sun\istack\istack-commons-runtime\3.0.12\istack-commons-runtime-3.0.12.jar;C:\ABankCode\2SrMoe\repository-burma-ssn\com\sun\activation\jakarta.activation\1.2.2\jakarta.activation-1.2.2.jar;C:\ABankCode\2SrMoe\repository-burma-ssn\org\springframework\data\spring-data-jpa\2.7.15\spring-data-jpa-2.7.15.jar;C:\ABankCode\2SrMoe\repository-burma-ssn\org\springframework\data\spring-data-commons\2.7.15\spring-data-commons-2.7.15.jar;C:\ABankCode\2SrMoe\repository-burma-ssn\org\springframework\spring-orm\5.3.29\spring-orm-5.3.29.jar;C:\ABankCode\2SrMoe\repository-burma-ssn\org\springframework\spring-context\5.3.29\spring-context-5.3.29.jar;C:\ABankCode\2SrMoe\repository-burma-ssn\org\springframework\spring-tx\5.3.29\spring-tx-5.3.29.jar;C:\ABankCode\2SrMoe\repository-burma-ssn\org\springframework\spring-beans\5.3.29\spring-beans-5.3.29.jar;C:\ABankCode\2SrMoe\repository-burma-ssn\org\slf4j\slf4j-api\1.7.36\slf4j-api-1.7.36.jar;C:\ABankCode\2SrMoe\repository-burma-ssn\org\springframework\spring-aspects\5.3.29\spring-aspects-5.3.29.jar;C:\ABankCode\2SrMoe\repository-burma-ssn\org\springframework\boot\spring-boot-starter-web\2.7.15\spring-boot-starter-web-2.7.15.jar;C:\ABankCode\2SrMoe\repository-burma-ssn\org\springframework\boot\spring-boot-starter\2.7.15\spring-boot-starter-2.7.15.jar;C:\ABankCode\2SrMoe\repository-burma-ssn\org\springframework\boot\spring-boot\2.7.15\spring-boot-2.7.15.jar;C:\ABankCode\2SrMoe\repository-burma-ssn\org\springframework\boot\spring-boot-autoconfigure\2.7.15\spring-boot-autoconfigure-2.7.15.jar;C:\ABankCode\2SrMoe\repository-burma-ssn\org\springframework\boot\spring-boot-starter-logging\2.7.15\spring-boot-starter-logging-2.7.15.jar;C:\ABankCode\2SrMoe\repository-burma-ssn\ch\qos\logback\logback-classic\1.2.12\logback-classic-1.2.12.jar;C:\ABankCode\2SrMoe\repository-burma-ssn\ch\qos\logback\logback-core\1.2.12\logback-core-1.2.12.jar;C:\ABankCode\2SrMoe\repository-burma-ssn\org\apache\logging\log4j\log4j-to-slf4j\2.17.2\log4j-to-slf4j-2.17.2.jar;C:\ABankCode\2SrMoe\repository-burma-ssn\org\apache\logging\log4j\log4j-api\2.17.2\log4j-api-2.17.2.jar;C:\ABankCode\2SrMoe\repository-burma-ssn\org\slf4j\jul-to-slf4j\1.7.36\jul-to-slf4j-1.7.36.jar;C:\ABankCode\2SrMoe\repository-burma-ssn\jakarta\annotation\jakarta.annotation-api\1.3.5\jakarta.annotation-api-1.3.5.jar;C:\ABankCode\2SrMoe\repository-burma-ssn\org\yaml\snakeyaml\1.30\snakeyaml-1.30.jar;C:\ABankCode\2SrMoe\repository-burma-ssn\org\springframework\boot\spring-boot-starter-json\2.7.15\spring-boot-starter-json-2.7.15.jar;C:\ABankCode\2SrMoe\repository-burma-ssn\com\fasterxml\jackson\core\jackson-databind\2.13.5\jackson-databind-2.13.5.jar;C:\ABankCode\2SrMoe\repository-burma-ssn\com\fasterxml\jackson\core\jackson-annotations\2.13.5\jackson-annotations-2.13.5.jar;C:\ABankCode\2SrMoe\repository-burma-ssn\com\fasterxml\jackson\core\jackson-core\2.13.5\jackson-core-2.13.5.jar;C:\ABankCode\2SrMoe\repository-burma-ssn\com\fasterxml\jackson\datatype\jackson-datatype-jdk8\2.13.5\jackson-datatype-jdk8-2.13.5.jar;C:\ABankCode\2SrMoe\repository-burma-ssn\com\fasterxml\jackson\datatype\jackson-datatype-jsr310\2.13.5\jackson-datatype-jsr310-2.13.5.jar;C:\ABankCode\2SrMoe\repository-burma-ssn\com\fasterxml\jackson\module\jackson-module-parameter-names\2.13.5\jackson-module-parameter-names-2.13.5.jar;C:\ABankCode\2SrMoe\repository-burma-ssn\org\springframework\boot\spring-boot-starter-tomcat\2.7.15\spring-boot-starter-tomcat-2.7.15.jar;C:\ABankCode\2SrMoe\repository-burma-ssn\org\apache\tomcat\embed\tomcat-embed-core\9.0.79\tomcat-embed-core-9.0.79.jar;C:\ABankCode\2SrMoe\repository-burma-ssn\org\apache\tomcat\embed\tomcat-embed-el\9.0.79\tomcat-embed-el-9.0.79.jar;C:\ABankCode\2SrMoe\repository-burma-ssn\org\apache\tomcat\embed\tomcat-embed-websocket\9.0.79\tomcat-embed-websocket-9.0.79.jar;C:\ABankCode\2SrMoe\repository-burma-ssn\org\springframework\spring-web\5.3.29\spring-web-5.3.29.jar;C:\ABankCode\2SrMoe\repository-burma-ssn\org\springframework\spring-webmvc\5.3.29\spring-webmvc-5.3.29.jar;C:\ABankCode\2SrMoe\repository-burma-ssn\org\springframework\spring-expression\5.3.29\spring-expression-5.3.29.jar;C:\ABankCode\2SrMoe\repository-burma-ssn\mysql\mysql-connector-java\8.0.27\mysql-connector-java-8.0.27.jar;C:\ABankCode\2SrMoe\repository-burma-ssn\com\google\protobuf\protobuf-java\3.11.4\protobuf-java-3.11.4.jar;C:\ABankCode\2SrMoe\repository-burma-ssn\org\springframework\boot\spring-boot-starter-test\2.7.15\spring-boot-starter-test-2.7.15.jar;C:\ABankCode\2SrMoe\repository-burma-ssn\org\springframework\boot\spring-boot-test\2.7.15\spring-boot-test-2.7.15.jar;C:\ABankCode\2SrMoe\repository-burma-ssn\org\springframework\boot\spring-boot-test-autoconfigure\2.7.15\spring-boot-test-autoconfigure-2.7.15.jar;C:\ABankCode\2SrMoe\repository-burma-ssn\com\jayway\jsonpath\json-path\2.7.0\json-path-2.7.0.jar;C:\ABankCode\2SrMoe\repository-burma-ssn\net\minidev\json-smart\2.4.11\json-smart-2.4.11.jar;C:\ABankCode\2SrMoe\repository-burma-ssn\net\minidev\accessors-smart\2.4.11\accessors-smart-2.4.11.jar;C:\ABankCode\2SrMoe\repository-burma-ssn\org\ow2\asm\asm\9.3\asm-9.3.jar;C:\ABankCode\2SrMoe\repository-burma-ssn\jakarta\xml\bind\jakarta.xml.bind-api\2.3.3\jakarta.xml.bind-api-2.3.3.jar;C:\ABankCode\2SrMoe\repository-burma-ssn\jakarta\activation\jakarta.activation-api\1.2.2\jakarta.activation-api-1.2.2.jar;C:\ABankCode\2SrMoe\repository-burma-ssn\org\assertj\assertj-core\3.22.0\assertj-core-3.22.0.jar;C:\ABankCode\2SrMoe\repository-burma-ssn\org\hamcrest\hamcrest\2.2\hamcrest-2.2.jar;C:\ABankCode\2SrMoe\repository-burma-ssn\org\junit\jupiter\junit-jupiter\5.8.2\junit-jupiter-5.8.2.jar;C:\ABankCode\2SrMoe\repository-burma-ssn\org\junit\jupiter\junit-jupiter-api\5.8.2\junit-jupiter-api-5.8.2.jar;C:\ABankCode\2SrMoe\repository-burma-ssn\org\opentest4j\opentest4j\1.2.0\opentest4j-1.2.0.jar;C:\ABankCode\2SrMoe\repository-burma-ssn\org\junit\platform\junit-platform-commons\1.8.2\junit-platform-commons-1.8.2.jar;C:\ABankCode\2SrMoe\repository-burma-ssn\org\apiguardian\apiguardian-api\1.1.2\apiguardian-api-1.1.2.jar;C:\ABankCode\2SrMoe\repository-burma-ssn\org\junit\jupiter\junit-jupiter-params\5.8.2\junit-jupiter-params-5.8.2.jar;C:\ABankCode\2SrMoe\repository-burma-ssn\org\junit\jupiter\junit-jupiter-engine\5.8.2\junit-jupiter-engine-5.8.2.jar;C:\ABankCode\2SrMoe\repository-burma-ssn\org\junit\platform\junit-platform-engine\1.8.2\junit-platform-engine-1.8.2.jar;C:\ABankCode\2SrMoe\repository-burma-ssn\org\mockito\mockito-core\4.5.1\mockito-core-4.5.1.jar;C:\ABankCode\2SrMoe\repository-burma-ssn\net\bytebuddy\byte-buddy-agent\1.12.23\byte-buddy-agent-1.12.23.jar;C:\ABankCode\2SrMoe\repository-burma-ssn\org\objenesis\objenesis\3.2\objenesis-3.2.jar;C:\ABankCode\2SrMoe\repository-burma-ssn\org\mockito\mockito-junit-jupiter\4.5.1\mockito-junit-jupiter-4.5.1.jar;C:\ABankCode\2SrMoe\repository-burma-ssn\org\skyscreamer\jsonassert\1.5.1\jsonassert-1.5.1.jar;C:\ABankCode\2SrMoe\repository-burma-ssn\com\vaadin\external\google\android-json\0.0.20131108.vaadin1\android-json-0.0.20131108.vaadin1.jar;C:\ABankCode\2SrMoe\repository-burma-ssn\org\springframework\spring-core\5.3.29\spring-core-5.3.29.jar;C:\ABankCode\2SrMoe\repository-burma-ssn\org\springframework\spring-jcl\5.3.29\spring-jcl-5.3.29.jar;C:\ABankCode\2SrMoe\repository-burma-ssn\org\springframework\spring-test\5.3.29\spring-test-5.3.29.jar;C:\ABankCode\2SrMoe\repository-burma-ssn\org\xmlunit\xmlunit-core\2.9.1\xmlunit-core-2.9.1.jar;"/>
    <property name="java.vm.vendor" value="Oracle Corporation"/>
    <property name="sun.arch.data.model" value="64"/>
    <property name="user.variant" value=""/>
    <property name="java.vendor.url" value="https://openjdk.java.net/"/>
    <property name="user.timezone" value="Asia/Rangoon"/>
    <property name="java.vm.specification.version" value="11"/>
    <property name="os.name" value="Windows 10"/>
    <property name="sun.java.launcher" value="SUN_STANDARD"/>
    <property name="user.country" value="US"/>
    <property name="sun.boot.library.path" value="C:\Program Files\Java\jdk-11.0.16\bin"/>
    <property name="sun.java.command" value="C:\Users\Lenovo\AppData\Local\Temp\surefire2181292352262372249\surefirebooter11465651477502432313.jar C:\Users\Lenovo\AppData\Local\Temp\surefire2181292352262372249 2023-09-15T10-52-30_462-jvmRun1 surefire6961565651169764174tmp surefire_011017672604237840011tmp"/>
    <property name="jdk.debug" value="release"/>
    <property name="surefire.test.class.path" value="C:\Sample Code\demo\target\test-classes;C:\Sample Code\demo\target\classes;C:\ABankCode\2SrMoe\repository-burma-ssn\org\springframework\boot\spring-boot-starter-data-jpa\2.7.15\spring-boot-starter-data-jpa-2.7.15.jar;C:\ABankCode\2SrMoe\repository-burma-ssn\org\springframework\boot\spring-boot-starter-aop\2.7.15\spring-boot-starter-aop-2.7.15.jar;C:\ABankCode\2SrMoe\repository-burma-ssn\org\springframework\spring-aop\5.3.29\spring-aop-5.3.29.jar;C:\ABankCode\2SrMoe\repository-burma-ssn\org\aspectj\aspectjweaver\1.9.7\aspectjweaver-1.9.7.jar;C:\ABankCode\2SrMoe\repository-burma-ssn\org\springframework\boot\spring-boot-starter-jdbc\2.7.15\spring-boot-starter-jdbc-2.7.15.jar;C:\ABankCode\2SrMoe\repository-burma-ssn\com\zaxxer\HikariCP\4.0.3\HikariCP-4.0.3.jar;C:\ABankCode\2SrMoe\repository-burma-ssn\org\springframework\spring-jdbc\5.3.29\spring-jdbc-5.3.29.jar;C:\ABankCode\2SrMoe\repository-burma-ssn\jakarta\transaction\jakarta.transaction-api\1.3.3\jakarta.transaction-api-1.3.3.jar;C:\ABankCode\2SrMoe\repository-burma-ssn\jakarta\persistence\jakarta.persistence-api\2.2.3\jakarta.persistence-api-2.2.3.jar;C:\ABankCode\2SrMoe\repository-burma-ssn\org\hibernate\hibernate-core\5.6.15.Final\hibernate-core-5.6.15.Final.jar;C:\ABankCode\2SrMoe\repository-burma-ssn\org\jboss\logging\jboss-logging\3.4.3.Final\jboss-logging-3.4.3.Final.jar;C:\ABankCode\2SrMoe\repository-burma-ssn\net\bytebuddy\byte-buddy\1.12.23\byte-buddy-1.12.23.jar;C:\ABankCode\2SrMoe\repository-burma-ssn\antlr\antlr\2.7.7\antlr-2.7.7.jar;C:\ABankCode\2SrMoe\repository-burma-ssn\org\jboss\jandex\2.4.2.Final\jandex-2.4.2.Final.jar;C:\ABankCode\2SrMoe\repository-burma-ssn\com\fasterxml\classmate\1.5.1\classmate-1.5.1.jar;C:\ABankCode\2SrMoe\repository-burma-ssn\org\hibernate\common\hibernate-commons-annotations\5.1.2.Final\hibernate-commons-annotations-5.1.2.Final.jar;C:\ABankCode\2SrMoe\repository-burma-ssn\org\glassfish\jaxb\jaxb-runtime\2.3.8\jaxb-runtime-2.3.8.jar;C:\ABankCode\2SrMoe\repository-burma-ssn\org\glassfish\jaxb\txw2\2.3.8\txw2-2.3.8.jar;C:\ABankCode\2SrMoe\repository-burma-ssn\com\sun\istack\istack-commons-runtime\3.0.12\istack-commons-runtime-3.0.12.jar;C:\ABankCode\2SrMoe\repository-burma-ssn\com\sun\activation\jakarta.activation\1.2.2\jakarta.activation-1.2.2.jar;C:\ABankCode\2SrMoe\repository-burma-ssn\org\springframework\data\spring-data-jpa\2.7.15\spring-data-jpa-2.7.15.jar;C:\ABankCode\2SrMoe\repository-burma-ssn\org\springframework\data\spring-data-commons\2.7.15\spring-data-commons-2.7.15.jar;C:\ABankCode\2SrMoe\repository-burma-ssn\org\springframework\spring-orm\5.3.29\spring-orm-5.3.29.jar;C:\ABankCode\2SrMoe\repository-burma-ssn\org\springframework\spring-context\5.3.29\spring-context-5.3.29.jar;C:\ABankCode\2SrMoe\repository-burma-ssn\org\springframework\spring-tx\5.3.29\spring-tx-5.3.29.jar;C:\ABankCode\2SrMoe\repository-burma-ssn\org\springframework\spring-beans\5.3.29\spring-beans-5.3.29.jar;C:\ABankCode\2SrMoe\repository-burma-ssn\org\slf4j\slf4j-api\1.7.36\slf4j-api-1.7.36.jar;C:\ABankCode\2SrMoe\repository-burma-ssn\org\springframework\spring-aspects\5.3.29\spring-aspects-5.3.29.jar;C:\ABankCode\2SrMoe\repository-burma-ssn\org\springframework\boot\spring-boot-starter-web\2.7.15\spring-boot-starter-web-2.7.15.jar;C:\ABankCode\2SrMoe\repository-burma-ssn\org\springframework\boot\spring-boot-starter\2.7.15\spring-boot-starter-2.7.15.jar;C:\ABankCode\2SrMoe\repository-burma-ssn\org\springframework\boot\spring-boot\2.7.15\spring-boot-2.7.15.jar;C:\ABankCode\2SrMoe\repository-burma-ssn\org\springframework\boot\spring-boot-autoconfigure\2.7.15\spring-boot-autoconfigure-2.7.15.jar;C:\ABankCode\2SrMoe\repository-burma-ssn\org\springframework\boot\spring-boot-starter-logging\2.7.15\spring-boot-starter-logging-2.7.15.jar;C:\ABankCode\2SrMoe\repository-burma-ssn\ch\qos\logback\logback-classic\1.2.12\logback-classic-1.2.12.jar;C:\ABankCode\2SrMoe\repository-burma-ssn\ch\qos\logback\logback-core\1.2.12\logback-core-1.2.12.jar;C:\ABankCode\2SrMoe\repository-burma-ssn\org\apache\logging\log4j\log4j-to-slf4j\2.17.2\log4j-to-slf4j-2.17.2.jar;C:\ABankCode\2SrMoe\repository-burma-ssn\org\apache\logging\log4j\log4j-api\2.17.2\log4j-api-2.17.2.jar;C:\ABankCode\2SrMoe\repository-burma-ssn\org\slf4j\jul-to-slf4j\1.7.36\jul-to-slf4j-1.7.36.jar;C:\ABankCode\2SrMoe\repository-burma-ssn\jakarta\annotation\jakarta.annotation-api\1.3.5\jakarta.annotation-api-1.3.5.jar;C:\ABankCode\2SrMoe\repository-burma-ssn\org\yaml\snakeyaml\1.30\snakeyaml-1.30.jar;C:\ABankCode\2SrMoe\repository-burma-ssn\org\springframework\boot\spring-boot-starter-json\2.7.15\spring-boot-starter-json-2.7.15.jar;C:\ABankCode\2SrMoe\repository-burma-ssn\com\fasterxml\jackson\core\jackson-databind\2.13.5\jackson-databind-2.13.5.jar;C:\ABankCode\2SrMoe\repository-burma-ssn\com\fasterxml\jackson\core\jackson-annotations\2.13.5\jackson-annotations-2.13.5.jar;C:\ABankCode\2SrMoe\repository-burma-ssn\com\fasterxml\jackson\core\jackson-core\2.13.5\jackson-core-2.13.5.jar;C:\ABankCode\2SrMoe\repository-burma-ssn\com\fasterxml\jackson\datatype\jackson-datatype-jdk8\2.13.5\jackson-datatype-jdk8-2.13.5.jar;C:\ABankCode\2SrMoe\repository-burma-ssn\com\fasterxml\jackson\datatype\jackson-datatype-jsr310\2.13.5\jackson-datatype-jsr310-2.13.5.jar;C:\ABankCode\2SrMoe\repository-burma-ssn\com\fasterxml\jackson\module\jackson-module-parameter-names\2.13.5\jackson-module-parameter-names-2.13.5.jar;C:\ABankCode\2SrMoe\repository-burma-ssn\org\springframework\boot\spring-boot-starter-tomcat\2.7.15\spring-boot-starter-tomcat-2.7.15.jar;C:\ABankCode\2SrMoe\repository-burma-ssn\org\apache\tomcat\embed\tomcat-embed-core\9.0.79\tomcat-embed-core-9.0.79.jar;C:\ABankCode\2SrMoe\repository-burma-ssn\org\apache\tomcat\embed\tomcat-embed-el\9.0.79\tomcat-embed-el-9.0.79.jar;C:\ABankCode\2SrMoe\repository-burma-ssn\org\apache\tomcat\embed\tomcat-embed-websocket\9.0.79\tomcat-embed-websocket-9.0.79.jar;C:\ABankCode\2SrMoe\repository-burma-ssn\org\springframework\spring-web\5.3.29\spring-web-5.3.29.jar;C:\ABankCode\2SrMoe\repository-burma-ssn\org\springframework\spring-webmvc\5.3.29\spring-webmvc-5.3.29.jar;C:\ABankCode\2SrMoe\repository-burma-ssn\org\springframework\spring-expression\5.3.29\spring-expression-5.3.29.jar;C:\ABankCode\2SrMoe\repository-burma-ssn\mysql\mysql-connector-java\8.0.27\mysql-connector-java-8.0.27.jar;C:\ABankCode\2SrMoe\repository-burma-ssn\com\google\protobuf\protobuf-java\3.11.4\protobuf-java-3.11.4.jar;C:\ABankCode\2SrMoe\repository-burma-ssn\org\springframework\boot\spring-boot-starter-test\2.7.15\spring-boot-starter-test-2.7.15.jar;C:\ABankCode\2SrMoe\repository-burma-ssn\org\springframework\boot\spring-boot-test\2.7.15\spring-boot-test-2.7.15.jar;C:\ABankCode\2SrMoe\repository-burma-ssn\org\springframework\boot\spring-boot-test-autoconfigure\2.7.15\spring-boot-test-autoconfigure-2.7.15.jar;C:\ABankCode\2SrMoe\repository-burma-ssn\com\jayway\jsonpath\json-path\2.7.0\json-path-2.7.0.jar;C:\ABankCode\2SrMoe\repository-burma-ssn\net\minidev\json-smart\2.4.11\json-smart-2.4.11.jar;C:\ABankCode\2SrMoe\repository-burma-ssn\net\minidev\accessors-smart\2.4.11\accessors-smart-2.4.11.jar;C:\ABankCode\2SrMoe\repository-burma-ssn\org\ow2\asm\asm\9.3\asm-9.3.jar;C:\ABankCode\2SrMoe\repository-burma-ssn\jakarta\xml\bind\jakarta.xml.bind-api\2.3.3\jakarta.xml.bind-api-2.3.3.jar;C:\ABankCode\2SrMoe\repository-burma-ssn\jakarta\activation\jakarta.activation-api\1.2.2\jakarta.activation-api-1.2.2.jar;C:\ABankCode\2SrMoe\repository-burma-ssn\org\assertj\assertj-core\3.22.0\assertj-core-3.22.0.jar;C:\ABankCode\2SrMoe\repository-burma-ssn\org\hamcrest\hamcrest\2.2\hamcrest-2.2.jar;C:\ABankCode\2SrMoe\repository-burma-ssn\org\junit\jupiter\junit-jupiter\5.8.2\junit-jupiter-5.8.2.jar;C:\ABankCode\2SrMoe\repository-burma-ssn\org\junit\jupiter\junit-jupiter-api\5.8.2\junit-jupiter-api-5.8.2.jar;C:\ABankCode\2SrMoe\repository-burma-ssn\org\opentest4j\opentest4j\1.2.0\opentest4j-1.2.0.jar;C:\ABankCode\2SrMoe\repository-burma-ssn\org\junit\platform\junit-platform-commons\1.8.2\junit-platform-commons-1.8.2.jar;C:\ABankCode\2SrMoe\repository-burma-ssn\org\apiguardian\apiguardian-api\1.1.2\apiguardian-api-1.1.2.jar;C:\ABankCode\2SrMoe\repository-burma-ssn\org\junit\jupiter\junit-jupiter-params\5.8.2\junit-jupiter-params-5.8.2.jar;C:\ABankCode\2SrMoe\repository-burma-ssn\org\junit\jupiter\junit-jupiter-engine\5.8.2\junit-jupiter-engine-5.8.2.jar;C:\ABankCode\2SrMoe\repository-burma-ssn\org\junit\platform\junit-platform-engine\1.8.2\junit-platform-engine-1.8.2.jar;C:\ABankCode\2SrMoe\repository-burma-ssn\org\mockito\mockito-core\4.5.1\mockito-core-4.5.1.jar;C:\ABankCode\2SrMoe\repository-burma-ssn\net\bytebuddy\byte-buddy-agent\1.12.23\byte-buddy-agent-1.12.23.jar;C:\ABankCode\2SrMoe\repository-burma-ssn\org\objenesis\objenesis\3.2\objenesis-3.2.jar;C:\ABankCode\2SrMoe\repository-burma-ssn\org\mockito\mockito-junit-jupiter\4.5.1\mockito-junit-jupiter-4.5.1.jar;C:\ABankCode\2SrMoe\repository-burma-ssn\org\skyscreamer\jsonassert\1.5.1\jsonassert-1.5.1.jar;C:\ABankCode\2SrMoe\repository-burma-ssn\com\vaadin\external\google\android-json\0.0.20131108.vaadin1\android-json-0.0.20131108.vaadin1.jar;C:\ABankCode\2SrMoe\repository-burma-ssn\org\springframework\spring-core\5.3.29\spring-core-5.3.29.jar;C:\ABankCode\2SrMoe\repository-burma-ssn\org\springframework\spring-jcl\5.3.29\spring-jcl-5.3.29.jar;C:\ABankCode\2SrMoe\repository-burma-ssn\org\springframework\spring-test\5.3.29\spring-test-5.3.29.jar;C:\ABankCode\2SrMoe\repository-burma-ssn\org\xmlunit\xmlunit-core\2.9.1\xmlunit-core-2.9.1.jar;"/>
    <property name="sun.cpu.endian" value="little"/>
    <property name="user.home" value="C:\Users\Lenovo"/>
    <property name="user.language" value="en"/>
    <property name="java.specification.vendor" value="Oracle Corporation"/>
    <property name="java.version.date" value="2022-07-19"/>
    <property name="java.home" value="C:\Program Files\Java\jdk-11.0.16"/>
    <property name="file.separator" value="\"/>
    <property name="basedir" value="C:\Sample Code\demo"/>
    <property name="java.vm.compressedOopsMode" value="Zero based"/>
    <property name="line.separator" value="&#10;"/>
    <property name="java.specification.name" value="Java Platform API Specification"/>
    <property name="java.vm.specification.vendor" value="Oracle Corporation"/>
    <property name="java.awt.graphicsenv" value="sun.awt.Win32GraphicsEnvironment"/>
    <property name="surefire.real.class.path" value="C:\Users\Lenovo\AppData\Local\Temp\surefire2181292352262372249\surefirebooter11465651477502432313.jar"/>
    <property name="user.script" value=""/>
    <property name="sun.management.compiler" value="HotSpot 64-Bit Tiered Compilers"/>
    <property name="java.runtime.version" value="11.0.16+11-LTS-199"/>
    <property name="user.name" value="Lenovo"/>
    <property name="path.separator" value=";"/>
    <property name="os.version" value="10.0"/>
    <property name="java.runtime.name" value="Java(TM) SE Runtime Environment"/>
    <property name="file.encoding" value="Cp1252"/>
    <property name="java.vm.name" value="Java HotSpot(TM) 64-Bit Server VM"/>
    <property name="java.vendor.version" value="18.9"/>
    <property name="localRepository" value="C:\ABankCode\2SrMoe\repository-burma-ssn"/>
    <property name="java.vendor.url.bug" value="https://bugreport.java.com/bugreport/"/>
    <property name="java.io.tmpdir" value="C:\Users\Lenovo\AppData\Local\Temp\"/>
    <property name="idea.version" value="2022.3.2"/>
    <property name="java.version" value="11.0.16"/>
    <property name="user.dir" value="C:\Sample Code\demo"/>
    <property name="os.arch" value="amd64"/>
    <property name="java.vm.specification.name" value="Java Virtual Machine Specification"/>
    <property name="java.awt.printerjob" value="sun.awt.windows.WPrinterJob"/>
    <property name="sun.os.patch.level" value=""/>
    <property name="java.library.path" value="C:\Program Files\Java\jdk-11.0.16\bin;C:\Windows\Sun\Java\bin;C:\Windows\system32;C:\Windows;C:\Program Files\Microsoft\jdk-11.0.16.8-hotspot\bin;C:\Program Files\Common Files\Oracle\Java\javapath;C:\Program Files (x86)\Common Files\Oracle\Java\javapath;C:\Windows\system32;C:\Windows;C:\Windows\System32\Wbem;C:\Windows\System32\WindowsPowerShell\v1.0\;C:\Windows\System32\OpenSSH\;C:\Program Files\Git\cmd;C:\Program Files\nodejs\;C:\Program Files\Docker\Docker\resources\bin;C:\Program Files\MySQL\MySQL Shell 8.0\bin\;C:\Users\Lenovo\AppData\Local\Microsoft\WindowsApps;C:\Program Files\JetBrains\IntelliJ IDEA Community Edition 2022.3.2\bin;;C:\Program Files\Java\jdk-11.0.16\bin;C:\App Installer\apache-maven-3.8.6\bin;C:\Program Files\Java\jdk1.8.0_341\bin;C:\Users\Lenovo\AppData\Roaming\npm;C:\Users\Lenovo\AppData\Local\Programs\Microsoft VS Code\bin;."/>
    <property name="java.vendor" value="Oracle Corporation"/>
    <property name="java.vm.info" value="mixed mode"/>
    <property name="java.vm.version" value="11.0.16+11-LTS-199"/>
    <property name="sun.io.unicode.encoding" value="UnicodeLittle"/>
    <property name="maven.repo.local" value="C:\ABankCode\2SrMoe\repository-burma-ssn"/>
    <property name="java.class.version" value="55.0"/>
  </properties>
  <testcase name="contextLoads" classname="com.example.demo.DemoApplicationTests" time="0.1"/>
</testsuite>